{"C:\\Users\\alber\\Documents\\Projectes\\MangoRange\\mango-range-picker\\src\\components\\Range\\Range.jsx": {"path":"C:\\Users\\alber\\Documents\\Projectes\\MangoRange\\mango-range-picker\\src\\components\\Range\\Range.jsx","statementMap":{"0":{"start":{"line":8,"column":14},"end":{"line":84,"column":1}},"1":{"start":{"line":16,"column":34},"end":{"line":16,"column":66}},"2":{"start":{"line":17,"column":34},"end":{"line":17,"column":66}},"3":{"start":{"line":19,"column":25},"end":{"line":24,"column":3}},"4":{"start":{"line":20,"column":26},"end":{"line":20,"column":31}},"5":{"start":{"line":21,"column":4},"end":{"line":21,"column":53}},"6":{"start":{"line":21,"column":31},"end":{"line":21,"column":53}},"7":{"start":{"line":22,"column":4},"end":{"line":22,"column":57}},"8":{"start":{"line":22,"column":31},"end":{"line":22,"column":57}},"9":{"start":{"line":23,"column":4},"end":{"line":23,"column":33}},"10":{"start":{"line":26,"column":25},"end":{"line":31,"column":3}},"11":{"start":{"line":27,"column":26},"end":{"line":27,"column":31}},"12":{"start":{"line":28,"column":4},"end":{"line":28,"column":53}},"13":{"start":{"line":28,"column":31},"end":{"line":28,"column":53}},"14":{"start":{"line":29,"column":4},"end":{"line":29,"column":57}},"15":{"start":{"line":29,"column":31},"end":{"line":29,"column":57}},"16":{"start":{"line":30,"column":4},"end":{"line":30,"column":33}},"17":{"start":{"line":33,"column":27},"end":{"line":38,"column":3}},"18":{"start":{"line":34,"column":25},"end":{"line":34,"column":33}},"19":{"start":{"line":35,"column":4},"end":{"line":35,"column":66}},"20":{"start":{"line":35,"column":36},"end":{"line":35,"column":66}},"21":{"start":{"line":36,"column":4},"end":{"line":36,"column":51}},"22":{"start":{"line":36,"column":30},"end":{"line":36,"column":51}},"23":{"start":{"line":37,"column":4},"end":{"line":37,"column":32}},"24":{"start":{"line":40,"column":27},"end":{"line":45,"column":3}},"25":{"start":{"line":41,"column":25},"end":{"line":41,"column":33}},"26":{"start":{"line":42,"column":4},"end":{"line":42,"column":66}},"27":{"start":{"line":42,"column":36},"end":{"line":42,"column":66}},"28":{"start":{"line":43,"column":4},"end":{"line":43,"column":51}},"29":{"start":{"line":43,"column":30},"end":{"line":43,"column":51}},"30":{"start":{"line":44,"column":4},"end":{"line":44,"column":32}},"31":{"start":{"line":47,"column":2},"end":{"line":83,"column":4}},"32":{"start":{"line":86,"column":0},"end":{"line":89,"column":2}},"33":{"start":{"line":92,"column":0},"end":{"line":97,"column":2}}},"fnMap":{"0":{"name":"(anonymous_0)","decl":{"start":{"line":8,"column":14},"end":{"line":8,"column":15}},"loc":{"start":{"line":15,"column":6},"end":{"line":84,"column":1}},"line":15},"1":{"name":"(anonymous_1)","decl":{"start":{"line":19,"column":25},"end":{"line":19,"column":26}},"loc":{"start":{"line":19,"column":36},"end":{"line":24,"column":3}},"line":19},"2":{"name":"(anonymous_2)","decl":{"start":{"line":26,"column":25},"end":{"line":26,"column":26}},"loc":{"start":{"line":26,"column":36},"end":{"line":31,"column":3}},"line":26},"3":{"name":"(anonymous_3)","decl":{"start":{"line":33,"column":27},"end":{"line":33,"column":28}},"loc":{"start":{"line":33,"column":33},"end":{"line":38,"column":3}},"line":33},"4":{"name":"(anonymous_4)","decl":{"start":{"line":40,"column":27},"end":{"line":40,"column":28}},"loc":{"start":{"line":40,"column":33},"end":{"line":45,"column":3}},"line":40}},"branchMap":{"0":{"loc":{"start":{"line":16,"column":43},"end":{"line":16,"column":65}},"type":"binary-expr","locations":[{"start":{"line":16,"column":43},"end":{"line":16,"column":58}},{"start":{"line":16,"column":62},"end":{"line":16,"column":65}}],"line":16},"1":{"loc":{"start":{"line":17,"column":43},"end":{"line":17,"column":65}},"type":"binary-expr","locations":[{"start":{"line":17,"column":43},"end":{"line":17,"column":58}},{"start":{"line":17,"column":62},"end":{"line":17,"column":65}}],"line":17},"2":{"loc":{"start":{"line":21,"column":4},"end":{"line":21,"column":53}},"type":"if","locations":[{"start":{"line":21,"column":4},"end":{"line":21,"column":53}},{"start":{"line":21,"column":4},"end":{"line":21,"column":53}}],"line":21},"3":{"loc":{"start":{"line":22,"column":4},"end":{"line":22,"column":57}},"type":"if","locations":[{"start":{"line":22,"column":4},"end":{"line":22,"column":57}},{"start":{"line":22,"column":4},"end":{"line":22,"column":57}}],"line":22},"4":{"loc":{"start":{"line":28,"column":4},"end":{"line":28,"column":53}},"type":"if","locations":[{"start":{"line":28,"column":4},"end":{"line":28,"column":53}},{"start":{"line":28,"column":4},"end":{"line":28,"column":53}}],"line":28},"5":{"loc":{"start":{"line":29,"column":4},"end":{"line":29,"column":57}},"type":"if","locations":[{"start":{"line":29,"column":4},"end":{"line":29,"column":57}},{"start":{"line":29,"column":4},"end":{"line":29,"column":57}}],"line":29},"6":{"loc":{"start":{"line":35,"column":4},"end":{"line":35,"column":66}},"type":"if","locations":[{"start":{"line":35,"column":4},"end":{"line":35,"column":66}},{"start":{"line":35,"column":4},"end":{"line":35,"column":66}}],"line":35},"7":{"loc":{"start":{"line":36,"column":4},"end":{"line":36,"column":51}},"type":"if","locations":[{"start":{"line":36,"column":4},"end":{"line":36,"column":51}},{"start":{"line":36,"column":4},"end":{"line":36,"column":51}}],"line":36},"8":{"loc":{"start":{"line":42,"column":4},"end":{"line":42,"column":66}},"type":"if","locations":[{"start":{"line":42,"column":4},"end":{"line":42,"column":66}},{"start":{"line":42,"column":4},"end":{"line":42,"column":66}}],"line":42},"9":{"loc":{"start":{"line":43,"column":4},"end":{"line":43,"column":51}},"type":"if","locations":[{"start":{"line":43,"column":4},"end":{"line":43,"column":51}},{"start":{"line":43,"column":4},"end":{"line":43,"column":51}}],"line":43}},"s":{"0":1,"1":0,"2":0,"3":0,"4":0,"5":0,"6":0,"7":0,"8":0,"9":0,"10":0,"11":0,"12":0,"13":0,"14":0,"15":0,"16":0,"17":0,"18":0,"19":0,"20":0,"21":0,"22":0,"23":0,"24":0,"25":0,"26":0,"27":0,"28":0,"29":0,"30":0,"31":0,"32":1,"33":1},"f":{"0":0,"1":0,"2":0,"3":0,"4":0},"b":{"0":[0,0],"1":[0,0],"2":[0,0],"3":[0,0],"4":[0,0],"5":[0,0],"6":[0,0],"7":[0,0],"8":[0,0],"9":[0,0]},"_coverageSchema":"1a1c01bbd47fc00a2c39e90264f33305004495a9","hash":"6268996687dabe4e1733d627eedf0628e50994fa"}
,"C:\\Users\\alber\\Documents\\Projectes\\MangoRange\\mango-range-picker\\src\\components\\Range\\index.js": {"path":"C:\\Users\\alber\\Documents\\Projectes\\MangoRange\\mango-range-picker\\src\\components\\Range\\index.js","statementMap":{},"fnMap":{},"branchMap":{},"s":{},"f":{},"b":{},"_coverageSchema":"1a1c01bbd47fc00a2c39e90264f33305004495a9","hash":"3e9924590fdbdb7cb6edba16c1b598e61b64a216"}
,"C:\\Users\\alber\\Documents\\Projectes\\MangoRange\\mango-range-picker\\src\\components\\RangeInput\\RangeInput.jsx": {"path":"C:\\Users\\alber\\Documents\\Projectes\\MangoRange\\mango-range-picker\\src\\components\\RangeInput\\RangeInput.jsx","statementMap":{"0":{"start":{"line":5,"column":19},"end":{"line":40,"column":1}},"1":{"start":{"line":14,"column":19},"end":{"line":14,"column":31}},"2":{"start":{"line":15,"column":21},"end":{"line":15,"column":52}},"3":{"start":{"line":15,"column":27},"end":{"line":15,"column":52}},"4":{"start":{"line":17,"column":2},"end":{"line":39,"column":4}},"5":{"start":{"line":35,"column":26},"end":{"line":35,"column":65}},"6":{"start":{"line":41,"column":0},"end":{"line":49,"column":2}},"7":{"start":{"line":51,"column":0},"end":{"line":56,"column":2}},"8":{"start":{"line":53,"column":18},"end":{"line":53,"column":22}},"9":{"start":{"line":54,"column":16},"end":{"line":54,"column":20}}},"fnMap":{"0":{"name":"(anonymous_0)","decl":{"start":{"line":5,"column":19},"end":{"line":5,"column":20}},"loc":{"start":{"line":13,"column":6},"end":{"line":40,"column":1}},"line":13},"1":{"name":"(anonymous_1)","decl":{"start":{"line":15,"column":21},"end":{"line":15,"column":22}},"loc":{"start":{"line":15,"column":27},"end":{"line":15,"column":52}},"line":15},"2":{"name":"(anonymous_2)","decl":{"start":{"line":35,"column":18},"end":{"line":35,"column":19}},"loc":{"start":{"line":35,"column":26},"end":{"line":35,"column":65}},"line":35},"3":{"name":"(anonymous_3)","decl":{"start":{"line":53,"column":12},"end":{"line":53,"column":13}},"loc":{"start":{"line":53,"column":18},"end":{"line":53,"column":22}},"line":53},"4":{"name":"(anonymous_4)","decl":{"start":{"line":54,"column":10},"end":{"line":54,"column":11}},"loc":{"start":{"line":54,"column":16},"end":{"line":54,"column":20}},"line":54}},"branchMap":{},"s":{"0":2,"1":0,"2":0,"3":0,"4":0,"5":0,"6":2,"7":2,"8":0,"9":0},"f":{"0":0,"1":0,"2":0,"3":0,"4":0},"b":{},"_coverageSchema":"1a1c01bbd47fc00a2c39e90264f33305004495a9","hash":"4295b4b902c2651e8a9772d58f484e04e0a514bd"}
,"C:\\Users\\alber\\Documents\\Projectes\\MangoRange\\mango-range-picker\\src\\components\\RangeInput\\index.js": {"path":"C:\\Users\\alber\\Documents\\Projectes\\MangoRange\\mango-range-picker\\src\\components\\RangeInput\\index.js","statementMap":{},"fnMap":{},"branchMap":{},"s":{},"f":{},"b":{},"_coverageSchema":"1a1c01bbd47fc00a2c39e90264f33305004495a9","hash":"0ec100d8bb83e0ec225e3554657b4c339d7d3f1f"}
,"C:\\Users\\alber\\Documents\\Projectes\\MangoRange\\mango-range-picker\\src\\components\\RangeSlider\\RangeSlider.jsx": {"path":"C:\\Users\\alber\\Documents\\Projectes\\MangoRange\\mango-range-picker\\src\\components\\RangeSlider\\RangeSlider.jsx","statementMap":{"0":{"start":{"line":6,"column":20},"end":{"line":137,"column":1}},"1":{"start":{"line":16,"column":4},"end":{"line":16,"column":30}},"2":{"start":{"line":27,"column":6},"end":{"line":27,"column":13}},"3":{"start":{"line":29,"column":58},"end":{"line":29,"column":73}},"4":{"start":{"line":30,"column":19},"end":{"line":30,"column":41}},"5":{"start":{"line":31,"column":19},"end":{"line":31,"column":41}},"6":{"start":{"line":33,"column":2},"end":{"line":37,"column":77}},"7":{"start":{"line":34,"column":4},"end":{"line":34,"column":62}},"8":{"start":{"line":35,"column":4},"end":{"line":35,"column":62}},"9":{"start":{"line":36,"column":4},"end":{"line":36,"column":29}},"10":{"start":{"line":39,"column":31},"end":{"line":41,"column":3}},"11":{"start":{"line":40,"column":4},"end":{"line":40,"column":35}},"12":{"start":{"line":43,"column":30},"end":{"line":45,"column":3}},"13":{"start":{"line":44,"column":4},"end":{"line":44,"column":34}},"14":{"start":{"line":47,"column":28},"end":{"line":95,"column":3}},"15":{"start":{"line":48,"column":4},"end":{"line":94,"column":5}},"16":{"start":{"line":49,"column":21},"end":{"line":49,"column":38}},"17":{"start":{"line":50,"column":21},"end":{"line":50,"column":31}},"18":{"start":{"line":52,"column":19},"end":{"line":52,"column":57}},"19":{"start":{"line":54,"column":6},"end":{"line":72,"column":7}},"20":{"start":{"line":55,"column":45},"end":{"line":55,"column":78}},"21":{"start":{"line":56,"column":8},"end":{"line":58,"column":9}},"22":{"start":{"line":57,"column":10},"end":{"line":57,"column":48}},"23":{"start":{"line":60,"column":8},"end":{"line":62,"column":9}},"24":{"start":{"line":61,"column":10},"end":{"line":61,"column":21}},"25":{"start":{"line":63,"column":13},"end":{"line":72,"column":7}},"26":{"start":{"line":64,"column":45},"end":{"line":64,"column":78}},"27":{"start":{"line":65,"column":8},"end":{"line":67,"column":9}},"28":{"start":{"line":66,"column":10},"end":{"line":66,"column":48}},"29":{"start":{"line":69,"column":8},"end":{"line":71,"column":9}},"30":{"start":{"line":70,"column":10},"end":{"line":70,"column":38}},"31":{"start":{"line":74,"column":30},"end":{"line":74,"column":62}},"32":{"start":{"line":76,"column":6},"end":{"line":92,"column":7}},"33":{"start":{"line":77,"column":8},"end":{"line":77,"column":38}},"34":{"start":{"line":78,"column":29},"end":{"line":82,"column":9}},"35":{"start":{"line":83,"column":8},"end":{"line":83,"column":39}},"36":{"start":{"line":84,"column":13},"end":{"line":92,"column":7}},"37":{"start":{"line":85,"column":8},"end":{"line":85,"column":38}},"38":{"start":{"line":86,"column":29},"end":{"line":90,"column":9}},"39":{"start":{"line":91,"column":8},"end":{"line":91,"column":39}},"40":{"start":{"line":93,"column":6},"end":{"line":93,"column":31}},"41":{"start":{"line":97,"column":2},"end":{"line":136,"column":4}},"42":{"start":{"line":121,"column":31},"end":{"line":121,"column":67}},"43":{"start":{"line":132,"column":31},"end":{"line":132,"column":67}},"44":{"start":{"line":139,"column":0},"end":{"line":139,"column":39}},"45":{"start":{"line":141,"column":0},"end":{"line":145,"column":2}}},"fnMap":{"0":{"name":"(anonymous_0)","decl":{"start":{"line":6,"column":20},"end":{"line":6,"column":21}},"loc":{"start":{"line":14,"column":6},"end":{"line":137,"column":1}},"line":14},"1":{"name":"(anonymous_1)","decl":{"start":{"line":33,"column":12},"end":{"line":33,"column":13}},"loc":{"start":{"line":33,"column":18},"end":{"line":37,"column":3}},"line":33},"2":{"name":"(anonymous_2)","decl":{"start":{"line":39,"column":31},"end":{"line":39,"column":32}},"loc":{"start":{"line":39,"column":37},"end":{"line":41,"column":3}},"line":39},"3":{"name":"(anonymous_3)","decl":{"start":{"line":43,"column":30},"end":{"line":43,"column":31}},"loc":{"start":{"line":43,"column":36},"end":{"line":45,"column":3}},"line":43},"4":{"name":"(anonymous_4)","decl":{"start":{"line":47,"column":28},"end":{"line":47,"column":29}},"loc":{"start":{"line":47,"column":41},"end":{"line":95,"column":3}},"line":47},"5":{"name":"(anonymous_5)","decl":{"start":{"line":121,"column":23},"end":{"line":121,"column":24}},"loc":{"start":{"line":121,"column":31},"end":{"line":121,"column":67}},"line":121},"6":{"name":"(anonymous_6)","decl":{"start":{"line":132,"column":23},"end":{"line":132,"column":24}},"loc":{"start":{"line":132,"column":31},"end":{"line":132,"column":67}},"line":132}},"branchMap":{"0":{"loc":{"start":{"line":30,"column":19},"end":{"line":30,"column":41}},"type":"binary-expr","locations":[{"start":{"line":30,"column":19},"end":{"line":30,"column":34}},{"start":{"line":30,"column":38},"end":{"line":30,"column":41}}],"line":30},"1":{"loc":{"start":{"line":31,"column":19},"end":{"line":31,"column":41}},"type":"binary-expr","locations":[{"start":{"line":31,"column":19},"end":{"line":31,"column":34}},{"start":{"line":31,"column":38},"end":{"line":31,"column":41}}],"line":31},"2":{"loc":{"start":{"line":48,"column":4},"end":{"line":94,"column":5}},"type":"if","locations":[{"start":{"line":48,"column":4},"end":{"line":94,"column":5}},{"start":{"line":48,"column":4},"end":{"line":94,"column":5}}],"line":48},"3":{"loc":{"start":{"line":54,"column":6},"end":{"line":72,"column":7}},"type":"if","locations":[{"start":{"line":54,"column":6},"end":{"line":72,"column":7}},{"start":{"line":54,"column":6},"end":{"line":72,"column":7}}],"line":54},"4":{"loc":{"start":{"line":56,"column":8},"end":{"line":58,"column":9}},"type":"if","locations":[{"start":{"line":56,"column":8},"end":{"line":58,"column":9}},{"start":{"line":56,"column":8},"end":{"line":58,"column":9}}],"line":56},"5":{"loc":{"start":{"line":60,"column":8},"end":{"line":62,"column":9}},"type":"if","locations":[{"start":{"line":60,"column":8},"end":{"line":62,"column":9}},{"start":{"line":60,"column":8},"end":{"line":62,"column":9}}],"line":60},"6":{"loc":{"start":{"line":63,"column":13},"end":{"line":72,"column":7}},"type":"if","locations":[{"start":{"line":63,"column":13},"end":{"line":72,"column":7}},{"start":{"line":63,"column":13},"end":{"line":72,"column":7}}],"line":63},"7":{"loc":{"start":{"line":65,"column":8},"end":{"line":67,"column":9}},"type":"if","locations":[{"start":{"line":65,"column":8},"end":{"line":67,"column":9}},{"start":{"line":65,"column":8},"end":{"line":67,"column":9}}],"line":65},"8":{"loc":{"start":{"line":69,"column":8},"end":{"line":71,"column":9}},"type":"if","locations":[{"start":{"line":69,"column":8},"end":{"line":71,"column":9}},{"start":{"line":69,"column":8},"end":{"line":71,"column":9}}],"line":69},"9":{"loc":{"start":{"line":76,"column":6},"end":{"line":92,"column":7}},"type":"if","locations":[{"start":{"line":76,"column":6},"end":{"line":92,"column":7}},{"start":{"line":76,"column":6},"end":{"line":92,"column":7}}],"line":76},"10":{"loc":{"start":{"line":84,"column":13},"end":{"line":92,"column":7}},"type":"if","locations":[{"start":{"line":84,"column":13},"end":{"line":92,"column":7}},{"start":{"line":84,"column":13},"end":{"line":92,"column":7}}],"line":84}},"s":{"0":1,"1":0,"2":0,"3":0,"4":0,"5":0,"6":0,"7":0,"8":0,"9":0,"10":0,"11":0,"12":0,"13":0,"14":0,"15":0,"16":0,"17":0,"18":0,"19":0,"20":0,"21":0,"22":0,"23":0,"24":0,"25":0,"26":0,"27":0,"28":0,"29":0,"30":0,"31":0,"32":0,"33":0,"34":0,"35":0,"36":0,"37":0,"38":0,"39":0,"40":0,"41":0,"42":0,"43":0,"44":1,"45":1},"f":{"0":0,"1":0,"2":0,"3":0,"4":0,"5":0,"6":0},"b":{"0":[0,0],"1":[0,0],"2":[0,0],"3":[0,0],"4":[0,0],"5":[0,0],"6":[0,0],"7":[0,0],"8":[0,0],"9":[0,0],"10":[0,0]},"_coverageSchema":"1a1c01bbd47fc00a2c39e90264f33305004495a9","hash":"7b9eb2d7ca9f524828cc5500c2407aba3a97f7fa"}
,"C:\\Users\\alber\\Documents\\Projectes\\MangoRange\\mango-range-picker\\src\\components\\RangeSlider\\index.js": {"path":"C:\\Users\\alber\\Documents\\Projectes\\MangoRange\\mango-range-picker\\src\\components\\RangeSlider\\index.js","statementMap":{},"fnMap":{},"branchMap":{},"s":{},"f":{},"b":{},"_coverageSchema":"1a1c01bbd47fc00a2c39e90264f33305004495a9","hash":"5aceca1c7475c37628dd202014318f33737379aa"}
,"C:\\Users\\alber\\Documents\\Projectes\\MangoRange\\mango-range-picker\\src\\hooks\\useRangeRefs.js": {"path":"C:\\Users\\alber\\Documents\\Projectes\\MangoRange\\mango-range-picker\\src\\hooks\\useRangeRefs.js","statementMap":{"0":{"start":{"line":3,"column":21},"end":{"line":93,"column":1}},"1":{"start":{"line":4,"column":20},"end":{"line":4,"column":32}},"2":{"start":{"line":5,"column":25},"end":{"line":5,"column":37}},"3":{"start":{"line":6,"column":24},"end":{"line":6,"column":36}},"4":{"start":{"line":7,"column":24},"end":{"line":7,"column":36}},"5":{"start":{"line":9,"column":30},"end":{"line":9,"column":63}},"6":{"start":{"line":9,"column":39},"end":{"line":9,"column":63}},"7":{"start":{"line":11,"column":33},"end":{"line":18,"column":3}},"8":{"start":{"line":12,"column":4},"end":{"line":14,"column":10}},"9":{"start":{"line":15,"column":4},"end":{"line":17,"column":9}},"10":{"start":{"line":20,"column":35},"end":{"line":26,"column":3}},"11":{"start":{"line":21,"column":28},"end":{"line":21,"column":37}},"12":{"start":{"line":22,"column":28},"end":{"line":22,"column":39}},"13":{"start":{"line":23,"column":4},"end":{"line":25,"column":6}},"14":{"start":{"line":28,"column":35},"end":{"line":33,"column":3}},"15":{"start":{"line":29,"column":31},"end":{"line":29,"column":79}},"16":{"start":{"line":30,"column":28},"end":{"line":30,"column":37}},"17":{"start":{"line":31,"column":18},"end":{"line":31,"column":68}},"18":{"start":{"line":32,"column":4},"end":{"line":32,"column":41}},"19":{"start":{"line":35,"column":32},"end":{"line":37,"column":3}},"20":{"start":{"line":36,"column":4},"end":{"line":36,"column":55}},"21":{"start":{"line":38,"column":32},"end":{"line":40,"column":3}},"22":{"start":{"line":39,"column":4},"end":{"line":39,"column":55}},"23":{"start":{"line":42,"column":41},"end":{"line":45,"column":3}},"24":{"start":{"line":43,"column":25},"end":{"line":43,"column":71}},"25":{"start":{"line":44,"column":4},"end":{"line":44,"column":40}},"26":{"start":{"line":47,"column":42},"end":{"line":51,"column":3}},"27":{"start":{"line":48,"column":27},"end":{"line":48,"column":64}},"28":{"start":{"line":49,"column":31},"end":{"line":49,"column":65}},"29":{"start":{"line":50,"column":4},"end":{"line":50,"column":47}},"30":{"start":{"line":53,"column":42},"end":{"line":57,"column":3}},"31":{"start":{"line":54,"column":27},"end":{"line":54,"column":64}},"32":{"start":{"line":55,"column":31},"end":{"line":55,"column":65}},"33":{"start":{"line":56,"column":4},"end":{"line":56,"column":47}},"34":{"start":{"line":59,"column":26},"end":{"line":74,"column":3}},"35":{"start":{"line":60,"column":4},"end":{"line":71,"column":5}},"36":{"start":{"line":61,"column":20},"end":{"line":61,"column":34}},"37":{"start":{"line":62,"column":6},"end":{"line":69,"column":9}},"38":{"start":{"line":63,"column":8},"end":{"line":68,"column":9}},"39":{"start":{"line":67,"column":10},"end":{"line":67,"column":24}},"40":{"start":{"line":70,"column":6},"end":{"line":70,"column":21}},"41":{"start":{"line":73,"column":4},"end":{"line":73,"column":24}},"42":{"start":{"line":76,"column":2},"end":{"line":92,"column":4}}},"fnMap":{"0":{"name":"(anonymous_0)","decl":{"start":{"line":3,"column":21},"end":{"line":3,"column":22}},"loc":{"start":{"line":3,"column":39},"end":{"line":93,"column":1}},"line":3},"1":{"name":"(anonymous_1)","decl":{"start":{"line":9,"column":30},"end":{"line":9,"column":31}},"loc":{"start":{"line":9,"column":39},"end":{"line":9,"column":63}},"line":9},"2":{"name":"(anonymous_2)","decl":{"start":{"line":11,"column":33},"end":{"line":11,"column":34}},"loc":{"start":{"line":11,"column":39},"end":{"line":18,"column":3}},"line":11},"3":{"name":"(anonymous_3)","decl":{"start":{"line":20,"column":35},"end":{"line":20,"column":36}},"loc":{"start":{"line":20,"column":46},"end":{"line":26,"column":3}},"line":20},"4":{"name":"(anonymous_4)","decl":{"start":{"line":28,"column":35},"end":{"line":28,"column":36}},"loc":{"start":{"line":28,"column":49},"end":{"line":33,"column":3}},"line":28},"5":{"name":"(anonymous_5)","decl":{"start":{"line":35,"column":32},"end":{"line":35,"column":33}},"loc":{"start":{"line":35,"column":46},"end":{"line":37,"column":3}},"line":35},"6":{"name":"(anonymous_6)","decl":{"start":{"line":38,"column":32},"end":{"line":38,"column":33}},"loc":{"start":{"line":38,"column":46},"end":{"line":40,"column":3}},"line":38},"7":{"name":"(anonymous_7)","decl":{"start":{"line":42,"column":41},"end":{"line":42,"column":42}},"loc":{"start":{"line":42,"column":60},"end":{"line":45,"column":3}},"line":42},"8":{"name":"(anonymous_8)","decl":{"start":{"line":47,"column":42},"end":{"line":47,"column":43}},"loc":{"start":{"line":47,"column":48},"end":{"line":51,"column":3}},"line":47},"9":{"name":"(anonymous_9)","decl":{"start":{"line":53,"column":42},"end":{"line":53,"column":43}},"loc":{"start":{"line":53,"column":48},"end":{"line":57,"column":3}},"line":53},"10":{"name":"(anonymous_10)","decl":{"start":{"line":59,"column":26},"end":{"line":59,"column":27}},"loc":{"start":{"line":59,"column":71},"end":{"line":74,"column":3}},"line":59},"11":{"name":"(anonymous_11)","decl":{"start":{"line":62,"column":26},"end":{"line":62,"column":27}},"loc":{"start":{"line":62,"column":35},"end":{"line":69,"column":7}},"line":62}},"branchMap":{"0":{"loc":{"start":{"line":60,"column":4},"end":{"line":71,"column":5}},"type":"if","locations":[{"start":{"line":60,"column":4},"end":{"line":71,"column":5}},{"start":{"line":60,"column":4},"end":{"line":71,"column":5}}],"line":60},"1":{"loc":{"start":{"line":63,"column":8},"end":{"line":68,"column":9}},"type":"if","locations":[{"start":{"line":63,"column":8},"end":{"line":68,"column":9}},{"start":{"line":63,"column":8},"end":{"line":68,"column":9}}],"line":63},"2":{"loc":{"start":{"line":64,"column":10},"end":{"line":65,"column":30}},"type":"binary-expr","locations":[{"start":{"line":64,"column":10},"end":{"line":64,"column":73}},{"start":{"line":65,"column":10},"end":{"line":65,"column":30}}],"line":64}},"s":{"0":1,"1":0,"2":0,"3":0,"4":0,"5":0,"6":0,"7":0,"8":0,"9":0,"10":0,"11":0,"12":0,"13":0,"14":0,"15":0,"16":0,"17":0,"18":0,"19":0,"20":0,"21":0,"22":0,"23":0,"24":0,"25":0,"26":0,"27":0,"28":0,"29":0,"30":0,"31":0,"32":0,"33":0,"34":0,"35":0,"36":0,"37":0,"38":0,"39":0,"40":0,"41":0,"42":0},"f":{"0":0,"1":0,"2":0,"3":0,"4":0,"5":0,"6":0,"7":0,"8":0,"9":0,"10":0,"11":0},"b":{"0":[0,0],"1":[0,0],"2":[0,0]},"_coverageSchema":"1a1c01bbd47fc00a2c39e90264f33305004495a9","hash":"d8dbc34b398da5301da03baf27128626749e0625"}
,"C:\\Users\\alber\\Documents\\Projectes\\MangoRange\\mango-range-picker\\src\\shared\\rangePropTypes.js": {"path":"C:\\Users\\alber\\Documents\\Projectes\\MangoRange\\mango-range-picker\\src\\shared\\rangePropTypes.js","statementMap":{"0":{"start":{"line":7,"column":4},"end":{"line":15,"column":5}},"1":{"start":{"line":12,"column":6},"end":{"line":14,"column":8}},"2":{"start":{"line":17,"column":4},"end":{"line":17,"column":16}}},"fnMap":{"0":{"name":"(anonymous_0)","decl":{"start":{"line":6,"column":15},"end":{"line":6,"column":16}},"loc":{"start":{"line":6,"column":26},"end":{"line":18,"column":3}},"line":6}},"branchMap":{"0":{"loc":{"start":{"line":7,"column":4},"end":{"line":15,"column":5}},"type":"if","locations":[{"start":{"line":7,"column":4},"end":{"line":15,"column":5}},{"start":{"line":7,"column":4},"end":{"line":15,"column":5}}],"line":7},"1":{"loc":{"start":{"line":8,"column":6},"end":{"line":10,"column":75}},"type":"binary-expr","locations":[{"start":{"line":8,"column":6},"end":{"line":8,"column":29}},{"start":{"line":9,"column":6},"end":{"line":9,"column":29}},{"start":{"line":10,"column":7},"end":{"line":10,"column":40}},{"start":{"line":10,"column":44},"end":{"line":10,"column":74}}],"line":8}},"s":{"0":0,"1":0,"2":0},"f":{"0":0},"b":{"0":[0,0],"1":[0,0,0,0]},"_coverageSchema":"1a1c01bbd47fc00a2c39e90264f33305004495a9","hash":"29cc7e8b3108f6b8d5b8e01e052f1c770cae8e1c"}
}
