TN:
SF:src\components\Range\Range.jsx
FN:8,(anonymous_0)
FN:26,(anonymous_1)
FN:30,(anonymous_2)
FN:34,(anonymous_3)
FN:42,(anonymous_4)
FNF:5
FNH:5
FNDA:15,(anonymous_0)
FNDA:2,(anonymous_1)
FNDA:3,(anonymous_2)
FNDA:2,(anonymous_3)
FNDA:1,(anonymous_4)
DA:8,3
DA:16,15
DA:19,15
DA:23,15
DA:24,15
DA:26,15
DA:27,2
DA:30,15
DA:31,3
DA:34,15
DA:35,2
DA:36,2
DA:37,2
DA:38,2
DA:39,2
DA:42,15
DA:43,1
DA:44,1
DA:45,1
DA:46,1
DA:47,1
DA:50,15
DA:89,3
DA:95,3
LF:24
LH:24
BRDA:17,0,0,15
BRDA:17,0,1,15
BRDA:17,0,2,5
BRDA:20,1,0,15
BRDA:20,1,1,15
BRDA:20,1,2,5
BRDA:36,2,0,0
BRDA:36,2,1,2
BRDA:37,3,0,1
BRDA:37,3,1,1
BRDA:44,4,0,0
BRDA:44,4,1,1
BRDA:45,5,0,1
BRDA:45,5,1,0
BRF:14
BRH:11
end_of_record
TN:
SF:src\components\Range\index.js
FNF:0
FNH:0
LF:0
LH:0
BRF:0
BRH:0
end_of_record
TN:
SF:src\components\RangeInput\RangeInput.jsx
FN:5,(anonymous_0)
FN:15,(anonymous_1)
FN:37,(anonymous_2)
FN:38,(anonymous_3)
FN:56,(anonymous_4)
FNF:5
FNH:5
FNDA:44,(anonymous_0)
FNDA:40,(anonymous_1)
FNDA:5,(anonymous_2)
FNDA:8,(anonymous_3)
FNDA:1,(anonymous_4)
DA:5,4
DA:14,44
DA:15,44
DA:17,44
DA:37,5
DA:38,8
DA:44,4
DA:54,4
DA:56,1
LF:9
LH:9
BRF:0
BRH:0
end_of_record
TN:
SF:src\components\RangeInput\index.js
FNF:0
FNH:0
LF:0
LH:0
BRF:0
BRH:0
end_of_record
TN:
SF:src\components\RangeSlider\RangeSlider.jsx
FN:7,(anonymous_0)
FN:34,(anonymous_1)
FN:40,(anonymous_2)
FN:44,(anonymous_3)
FN:48,(anonymous_4)
FN:123,(anonymous_5)
FN:133,(anonymous_6)
FNF:7
FNH:2
FNDA:17,(anonymous_0)
FNDA:17,(anonymous_1)
FNDA:0,(anonymous_2)
FNDA:0,(anonymous_3)
FNDA:0,(anonymous_4)
FNDA:0,(anonymous_5)
FNDA:0,(anonymous_6)
DA:7,4
DA:17,17
DA:28,17
DA:30,17
DA:31,17
DA:32,17
DA:34,17
DA:35,17
DA:36,17
DA:37,17
DA:40,17
DA:41,0
DA:44,17
DA:45,0
DA:48,17
DA:49,0
DA:50,0
DA:51,0
DA:53,0
DA:55,0
DA:56,0
DA:57,0
DA:58,0
DA:61,0
DA:62,0
DA:64,0
DA:65,0
DA:66,0
DA:67,0
DA:70,0
DA:71,0
DA:75,0
DA:77,0
DA:78,0
DA:79,0
DA:84,0
DA:85,0
DA:86,0
DA:87,0
DA:92,0
DA:94,0
DA:98,17
DA:123,0
DA:133,0
DA:140,4
DA:147,4
LF:46
LH:16
BRDA:31,0,0,17
BRDA:31,0,1,2
BRDA:32,1,0,17
BRDA:32,1,1,2
BRDA:49,2,0,0
BRDA:49,2,1,0
BRDA:55,3,0,0
BRDA:55,3,1,0
BRDA:57,4,0,0
BRDA:57,4,1,0
BRDA:61,5,0,0
BRDA:61,5,1,0
BRDA:64,6,0,0
BRDA:64,6,1,0
BRDA:66,7,0,0
BRDA:66,7,1,0
BRDA:70,8,0,0
BRDA:70,8,1,0
BRDA:77,9,0,0
BRDA:77,9,1,0
BRDA:85,10,0,0
BRDA:85,10,1,0
BRF:22
BRH:4
end_of_record
TN:
SF:src\components\RangeSlider\index.js
FNF:0
FNH:0
LF:0
LH:0
BRF:0
BRH:0
end_of_record
TN:
SF:src\hooks\useFetchData.js
FN:3,(anonymous_0)
FN:8,(anonymous_1)
FN:9,(anonymous_2)
FNF:3
FNH:3
FNDA:6,(anonymous_0)
FNDA:6,(anonymous_1)
FNDA:6,(anonymous_2)
DA:3,2
DA:4,6
DA:5,6
DA:6,6
DA:8,6
DA:9,6
DA:10,6
DA:11,6
DA:13,6
DA:14,6
DA:15,0
DA:16,0
DA:18,0
DA:21,0
DA:24,6
DA:27,6
LF:16
LH:12
BRF:0
BRH:0
end_of_record
TN:
SF:src\hooks\useRangeRefs.js
FN:3,(anonymous_0)
FN:9,(anonymous_1)
FN:11,(anonymous_2)
FN:20,(anonymous_3)
FN:28,(anonymous_4)
FN:35,(anonymous_5)
FN:38,(anonymous_6)
FN:42,(anonymous_7)
FN:47,(anonymous_8)
FN:53,(anonymous_9)
FN:59,(anonymous_10)
FN:62,(anonymous_11)
FNF:12
FNH:6
FNDA:17,(anonymous_0)
FNDA:34,(anonymous_1)
FNDA:17,(anonymous_2)
FNDA:34,(anonymous_3)
FNDA:0,(anonymous_4)
FNDA:17,(anonymous_5)
FNDA:17,(anonymous_6)
FNDA:0,(anonymous_7)
FNDA:0,(anonymous_8)
FNDA:0,(anonymous_9)
FNDA:0,(anonymous_10)
FNDA:0,(anonymous_11)
DA:3,4
DA:4,17
DA:5,17
DA:6,17
DA:7,17
DA:9,34
DA:11,17
DA:12,17
DA:15,17
DA:20,17
DA:21,34
DA:22,34
DA:23,34
DA:28,17
DA:29,0
DA:30,0
DA:31,0
DA:32,0
DA:35,17
DA:36,17
DA:38,17
DA:39,17
DA:42,17
DA:43,0
DA:44,0
DA:47,17
DA:48,0
DA:49,0
DA:50,0
DA:53,17
DA:54,0
DA:55,0
DA:56,0
DA:59,17
DA:60,0
DA:61,0
DA:62,0
DA:63,0
DA:67,0
DA:70,0
DA:73,0
DA:76,17
LF:42
LH:23
BRDA:60,0,0,0
BRDA:60,0,1,0
BRDA:63,1,0,0
BRDA:63,1,1,0
BRDA:64,2,0,0
BRDA:64,2,1,0
BRF:6
BRH:0
end_of_record
TN:
SF:src\pages\Exercise1\Exercise1.jsx
FN:11,(anonymous_0)
FNF:1
FNH:1
FNDA:3,(anonymous_0)
DA:11,1
DA:16,3
DA:18,3
LF:3
LH:3
BRDA:13,0,0,3
BRDA:20,1,0,3
BRDA:20,1,1,0
BRDA:21,2,0,3
BRDA:21,2,1,0
BRF:5
BRH:3
end_of_record
TN:
SF:src\pages\Exercise2\Exercise2.jsx
FN:11,(anonymous_0)
FNF:1
FNH:1
FNDA:3,(anonymous_0)
DA:11,1
DA:16,3
DA:18,3
LF:3
LH:3
BRDA:13,0,0,3
BRDA:13,1,0,3
BRDA:20,2,0,3
BRDA:20,2,1,0
BRDA:21,3,0,3
BRDA:21,3,1,0
BRF:6
BRH:4
end_of_record
TN:
SF:src\shared\constants.js
FNF:0
FNH:0
DA:1,2
DA:3,2
DA:4,2
LF:3
LH:3
BRF:0
BRH:0
end_of_record
TN:
SF:src\shared\rangePropTypes.js
FN:8,(anonymous_0)
FNF:1
FNH:1
FNDA:24,(anonymous_0)
DA:9,24
DA:14,0
DA:19,24
LF:3
LH:2
BRDA:9,0,0,0
BRDA:9,0,1,24
BRDA:10,1,0,24
BRDA:10,1,1,10
BRDA:10,1,2,10
BRDA:10,1,3,10
BRF:6
BRH:5
end_of_record
